<?xml version="1.0" encoding="UTF-8"?>
<!-- Generated by org.testng.reporters.JUnitXMLReporter -->
<testsuite ignored="0" hostname="DESKTOP-F9G86R8" failures="0" tests="18" name="Test" time="69.825" errors="0" timestamp="2024-05-24T12:06:35 IST">
  <testcase classname="org.test.Testclassthree" name="downloadAndValidation" time="8.867"/>
  <testcase classname="org.test.Testclassone" name="brokenLink" time="8.926"/>
  <testcase classname="org.test.Testclasstwo" name="checkBox" time="10.295"/>
  <testcase classname="org.test.Testclasstwo" name="numberOfFramesInWebpage" time="7.125"/>
  <testcase classname="org.test.Testclassone" name="screenShot" time="8.762"/>
  <testcase classname="org.test.Testclasstwo" name="seleniumIframes" time="7.3"/>
  <testcase classname="org.test.Testclassthree" name="explicitWait" time="17.385"/>
  <testcase classname="org.test.Testclasstwo" name="seleniumRadioButtons" time="7.003"/>
  <testcase classname="org.test.Testclassone" name="scrollaWebPage" time="15.323"/>
  <testcase classname="org.test.Testclassthree" name="hyperLinks" time="9.894"/>
  <testcase classname="org.test.Testclassone" name="seleniumAlerts" time="8.106"/>
  <testcase classname="org.test.Testclasstwo" name="windowHandlesExercise" time="11.107"/>
  <testcase classname="org.test.Testclassthree" name="textBox" time="8.564"/>
  <testcase classname="org.test.Testclassone" name="seleniumDropDown" time="8.43"/>
  <testcase classname="org.test.Testclasstwo" name="windowHandlesExercisetwo" time="16.648"/>
  <testcase classname="org.test.Testclassthree" name="uploadOperation" time="15.327"/>
  <testcase classname="org.test.Testclassone" name="seleniumPromptAlerts" time="12.505"/>
  <testcase classname="org.test.Testclassone" name="waysToReloadWebPage" time="7.713"/>
</testsuite> <!-- Test -->
