<?xml version="1.0" encoding="UTF-8"?>
<!-- Generated by org.testng.reporters.JUnitXMLReporter -->
<testsuite ignored="0" hostname="DESKTOP-F9G86R8" failures="0" tests="18" name="Test" time="62.614" errors="0" timestamp="2024-05-24T01:01:24 IST">
  <testcase classname="org.test.Testclassthree" name="downloadAndValidation" time="8.459"/>
  <testcase classname="org.test.Testclassone" name="brokenLink" time="8.83"/>
  <testcase classname="org.test.Testclasstwo" name="checkBox" time="10.979"/>
  <testcase classname="org.test.Testclassone" name="screenShot" time="8.004"/>
  <testcase classname="org.test.Testclasstwo" name="numberOfFramesInWebpage" time="7.042"/>
  <testcase classname="org.test.Testclasstwo" name="seleniumIframes" time="6.545"/>
  <testcase classname="org.test.Testclassthree" name="explicitWait" time="16.53"/>
  <testcase classname="org.test.Testclasstwo" name="seleniumRadioButtons" time="6.507"/>
  <testcase classname="org.test.Testclassthree" name="hyperLinks" time="8.259"/>
  <testcase classname="org.test.Testclassone" name="scrollaWebPage" time="18.565"/>
  <testcase classname="org.test.Testclasstwo" name="windowHandlesExercise" time="10.361"/>
  <testcase classname="org.test.Testclassthree" name="textBox" time="8.463"/>
  <testcase classname="org.test.Testclassone" name="seleniumAlerts" time="8.19"/>
  <testcase classname="org.test.Testclassthree" name="uploadOperation" time="12.128"/>
  <testcase classname="org.test.Testclassone" name="seleniumDropDown" time="10.394"/>
  <testcase classname="org.test.Testclasstwo" name="windowHandlesExercisetwo" time="12.575"/>
  <testcase classname="org.test.Testclassone" name="seleniumPromptAlerts" time="3.667"/>
  <testcase classname="org.test.Testclassone" name="waysToReloadWebPage" time="4.893"/>
</testsuite> <!-- Test -->
