<?xml version="1.0" encoding="UTF-8"?>
<testng-results ignored="0" total="18" passed="18" failed="0" skipped="0">
  <reporter-output>
  </reporter-output>
  <suite started-at="2024-05-24T01:00:21 IST" name="Suite" finished-at="2024-05-24T01:01:24 IST" duration-ms="62614">
    <groups>
    </groups>
    <test started-at="2024-05-24T01:00:21 IST" name="Test" finished-at="2024-05-24T01:01:24 IST" duration-ms="62614">
      <class name="org.test.Testclassone">
        <test-method signature="brokenLink()[pri:0, instance:org.test.Testclassone@a530d0a]" started-at="2024-05-24T01:00:21 IST" name="brokenLink" finished-at="2024-05-24T01:00:30 IST" duration-ms="8830" status="PASS">
          <reporter-output>
          </reporter-output>
        </test-method> <!-- brokenLink -->
        <test-method signature="screenShot()[pri:0, instance:org.test.Testclassone@a530d0a]" started-at="2024-05-24T01:00:30 IST" name="screenShot" finished-at="2024-05-24T01:00:38 IST" duration-ms="8004" status="PASS">
          <reporter-output>
          </reporter-output>
        </test-method> <!-- screenShot -->
        <test-method signature="scrollaWebPage()[pri:0, instance:org.test.Testclassone@a530d0a]" started-at="2024-05-24T01:00:38 IST" name="scrollaWebPage" finished-at="2024-05-24T01:00:56 IST" duration-ms="18565" status="PASS">
          <reporter-output>
          </reporter-output>
        </test-method> <!-- scrollaWebPage -->
        <test-method signature="seleniumAlerts()[pri:0, instance:org.test.Testclassone@a530d0a]" started-at="2024-05-24T01:00:56 IST" name="seleniumAlerts" finished-at="2024-05-24T01:01:05 IST" duration-ms="8190" status="PASS">
          <reporter-output>
          </reporter-output>
        </test-method> <!-- seleniumAlerts -->
        <test-method signature="seleniumDropDown()[pri:0, instance:org.test.Testclassone@a530d0a]" started-at="2024-05-24T01:01:05 IST" name="seleniumDropDown" finished-at="2024-05-24T01:01:15 IST" duration-ms="10394" status="PASS">
          <reporter-output>
          </reporter-output>
        </test-method> <!-- seleniumDropDown -->
        <test-method signature="seleniumPromptAlerts()[pri:0, instance:org.test.Testclassone@a530d0a]" started-at="2024-05-24T01:01:15 IST" name="seleniumPromptAlerts" finished-at="2024-05-24T01:01:19 IST" duration-ms="3667" status="PASS">
          <reporter-output>
          </reporter-output>
        </test-method> <!-- seleniumPromptAlerts -->
        <test-method signature="waysToReloadWebPage()[pri:0, instance:org.test.Testclassone@a530d0a]" started-at="2024-05-24T01:01:19 IST" name="waysToReloadWebPage" finished-at="2024-05-24T01:01:24 IST" duration-ms="4893" status="PASS">
          <reporter-output>
          </reporter-output>
        </test-method> <!-- waysToReloadWebPage -->
      </class> <!-- org.test.Testclassone -->
      <class name="org.test.Testclassthree">
        <test-method signature="downloadAndValidation()[pri:0, instance:org.test.Testclassthree@4efc180e]" started-at="2024-05-24T01:00:21 IST" name="downloadAndValidation" finished-at="2024-05-24T01:00:30 IST" duration-ms="8459" status="PASS">
          <reporter-output>
          </reporter-output>
        </test-method> <!-- downloadAndValidation -->
        <test-method signature="explicitWait()[pri:0, instance:org.test.Testclassthree@4efc180e]" started-at="2024-05-24T01:00:30 IST" name="explicitWait" finished-at="2024-05-24T01:00:46 IST" duration-ms="16530" status="PASS">
          <reporter-output>
          </reporter-output>
        </test-method> <!-- explicitWait -->
        <test-method signature="hyperLinks()[pri:0, instance:org.test.Testclassthree@4efc180e]" started-at="2024-05-24T01:00:46 IST" name="hyperLinks" finished-at="2024-05-24T01:00:54 IST" duration-ms="8259" status="PASS">
          <reporter-output>
          </reporter-output>
        </test-method> <!-- hyperLinks -->
        <test-method signature="textBox()[pri:0, instance:org.test.Testclassthree@4efc180e]" started-at="2024-05-24T01:00:54 IST" name="textBox" finished-at="2024-05-24T01:01:03 IST" duration-ms="8463" status="PASS">
          <reporter-output>
          </reporter-output>
        </test-method> <!-- textBox -->
        <test-method signature="uploadOperation()[pri:0, instance:org.test.Testclassthree@4efc180e]" started-at="2024-05-24T01:01:03 IST" name="uploadOperation" finished-at="2024-05-24T01:01:15 IST" duration-ms="12128" status="PASS">
          <reporter-output>
          </reporter-output>
        </test-method> <!-- uploadOperation -->
      </class> <!-- org.test.Testclassthree -->
      <class name="org.test.Testclasstwo">
        <test-method signature="checkBox()[pri:0, instance:org.test.Testclasstwo@1a18644]" started-at="2024-05-24T01:00:21 IST" name="checkBox" finished-at="2024-05-24T01:00:32 IST" duration-ms="10979" status="PASS">
          <reporter-output>
          </reporter-output>
        </test-method> <!-- checkBox -->
        <test-method signature="numberOfFramesInWebpage()[pri:0, instance:org.test.Testclasstwo@1a18644]" started-at="2024-05-24T01:00:32 IST" name="numberOfFramesInWebpage" finished-at="2024-05-24T01:00:39 IST" duration-ms="7042" status="PASS">
          <reporter-output>
          </reporter-output>
        </test-method> <!-- numberOfFramesInWebpage -->
        <test-method signature="seleniumIframes()[pri:0, instance:org.test.Testclasstwo@1a18644]" started-at="2024-05-24T01:00:39 IST" name="seleniumIframes" finished-at="2024-05-24T01:00:46 IST" duration-ms="6545" status="PASS">
          <reporter-output>
          </reporter-output>
        </test-method> <!-- seleniumIframes -->
        <test-method signature="seleniumRadioButtons()[pri:0, instance:org.test.Testclasstwo@1a18644]" started-at="2024-05-24T01:00:46 IST" name="seleniumRadioButtons" finished-at="2024-05-24T01:00:52 IST" duration-ms="6507" status="PASS">
          <reporter-output>
          </reporter-output>
        </test-method> <!-- seleniumRadioButtons -->
        <test-method signature="windowHandlesExercise()[pri:0, instance:org.test.Testclasstwo@1a18644]" started-at="2024-05-24T01:00:52 IST" name="windowHandlesExercise" finished-at="2024-05-24T01:01:02 IST" duration-ms="10361" status="PASS">
          <reporter-output>
          </reporter-output>
        </test-method> <!-- windowHandlesExercise -->
        <test-method signature="windowHandlesExercisetwo()[pri:0, instance:org.test.Testclasstwo@1a18644]" started-at="2024-05-24T01:01:02 IST" name="windowHandlesExercisetwo" finished-at="2024-05-24T01:01:15 IST" duration-ms="12575" status="PASS">
          <reporter-output>
          </reporter-output>
        </test-method> <!-- windowHandlesExercisetwo -->
      </class> <!-- org.test.Testclasstwo -->
    </test> <!-- Test -->
  </suite> <!-- Suite -->
</testng-results>
